*** Using Compiler 'V6.16', folder: 'C:\Keil_v5\ARM\ARMCLANG\Bin'
Build target 'Fire_Theft_Monitor'
compiling stm32f4xx_it.c...
compiling stm32f4xx_hal_rcc_ex.c...
compiling gpio.c...
compiling stm32f4xx_hal_timebase_tim.c...
compiling main.c...
compiling usart.c...
compiling freertos.c...
compiling stm32f4xx_hal_msp.c...
compiling stm32f4xx_hal_flash_ramfunc.c...
compiling stm32f4xx_hal_flash_ex.c...
compiling tim.c...
compiling stm32f4xx_hal_flash.c...
compiling stm32f4xx_hal_dma_ex.c...
compiling stm32f4xx_hal_gpio.c...
compiling stm32f4xx_hal_rcc.c...
assembling startup_stm32f407xx.s...
compiling stm32f4xx_hal_pwr_ex.c...
compiling stm32f4xx_hal_pwr.c...
compiling stm32f4xx_hal_dma.c...
compiling stm32f4xx_hal_cortex.c...
compiling stm32f4xx_hal.c...
compiling stm32f4xx_hal_exti.c...
compiling croutine.c...
compiling system_stm32f4xx.c...
compiling list.c...
compiling event_groups.c...
compiling stm32f4xx_hal_tim_ex.c...
compiling stream_buffer.c...
compiling timers.c...
compiling heap_4.c...
compiling port.c...
compiling queue.c...
compiling u8g2_arc.c...
compiling mui.c...
compiling stm32f4xx_hal_tim.c...
compiling tasks.c...
compiling stm32f4xx_hal_uart.c...
compiling cmsis_os2.c...
compiling u8g2_box.c...
compiling u8g2_bitmap.c...
compiling u8g2_buffer.c...
compiling mui_u8g2.c...
compiling u8g2_circle.c...
compiling u8g2_button.c...
compiling u8g2_cleardisplay.c...
compiling u8g2_d_memory.c...
compiling u8g2_d_setup.c...
compiling u8g2_input_value.c...
compiling u8g2_hvline.c...
compiling u8g2_intersection.c...
compiling u8g2_line.c...
compiling u8g2_kerning.c...
compiling u8g2_message.c...
compiling u8g2_ll_hvline.c...
compiling u8g2_polygon.c...
compiling u8g2_font.c...
compiling u8g2_selection_list.c...
compiling u8log_u8g2.c...
compiling u8log.c...
compiling u8g2_fonts.c...
compiling u8g2_setup.c...
compiling u8log_u8x8.c...
compiling u8x8_d_ssd1306_128x64_noname.c...
compiling u8x8_capture.c...
compiling u8x8_byte.c...
compiling u8x8_8x8.c...
compiling u8x8_cad.c...
compiling u8x8_debounce.c...
compiling u8x8_display.c...
compiling u8x8_gpio.c...
compiling u8x8_input_value.c...
compiling u8x8_fonts.c...
compiling u8x8_message.c...
compiling u8x8_setup.c...
compiling u8x8_selection_list.c...
compiling u8x8_u8toa.c...
compiling u8x8_string.c...
compiling u8x8_u16toa.c...
compiling DS_18B20.c...
compiling Device.c...
compiling 3D_Rotateapplication.c...
compiling Transform_3D.c...
compiling Stm32_u8g2.c...
compiling MPU6050.c...
../Drivers/Hardware/ESP01/ESP01.c(48): warning: illegal character encoding in string literal [-Winvalid-source-encoding]
        printf("<CD>˳<F6>ESP01ģ<BF><E9><U+0378><B4><AB>ģʽ...\n");
                ^~~~ ~~~~      ~~~~~~~~        ~~~~~~~~
../Drivers/Hardware/ESP01/ESP01.c(51): warning: illegal character encoding in string literal [-Winvalid-source-encoding]
        printf("<B2><E2><CA><D4>ESP01ģ<BF><E9><CA>Ƿ<F1><B4><E6><D4><DA>...\n");
                ^~~~~~~~~~~~~~~~      ~~~~~~~~~~~~ ~~~~~~~~~~~~~~~~~~~~
../Drivers/Hardware/ESP01/ESP01.c(56): warning: illegal character encoding in string literal [-Winvalid-source-encoding]
                printf("<B9>ر<D5>ģ<BF><E9><BB><D8><CF><D4>\n");
                        ^~~~ ~~~~ ~~~~~~~~~~~~~~~~~~~~~~~~
../Drivers/Hardware/ESP01/ESP01.c(58): warning: illegal character encoding in string literal [-Winvalid-source-encoding]
                printf("<B2><U+9FF4>ģ<BF><E9><B0>汾<D0><C5>Ϣ...\n");
                        ^~~~         ~~~~~~~~~~~~  ~~~~~~~~
../Drivers/Hardware/ESP01/ESP01.c(61): warning: illegal character encoding in string literal [-Winvalid-source-encoding]
                printf("<BF><AA><C6><F4>AP+STAģʽ\n");
                        ^~~~~~~~~~~~~~~~
../Drivers/Hardware/ESP01/ESP01.c(64): warning: illegal character encoding in string literal [-Winvalid-source-encoding]
                printf("<B2><E9>ѯSSID\n");
                        ^~~~~~~~
../Drivers/Hardware/ESP01/ESP01.c(67): warning: illegal character encoding in string literal [-Winvalid-source-encoding]
                printf("<B2><E9>ѯ<B5><B1>ǰ<C1><AC><BD>ӵ<C4><C8>ȵ<E3>\n");
                        ^~~~~~~~ ~~~~~~~~ ~~~~~~~~~~~~ ~~~~~~~~ ~~~~
../Drivers/Hardware/ESP01/ESP01.c(74): warning: illegal character encoding in string literal [-Winvalid-source-encoding]
                        printf("<C1><AC><BD><D3>WiFi<C8>ȵ<E3>\n");
                                ^~~~~~~~~~~~~~~~    ~~~~ ~~~~
../Drivers/Hardware/ESP01/ESP01.c(84): warning: illegal character encoding in string literal [-Winvalid-source-encoding]
                        printf("<B2><E9>ѯ<C9>豸IP\n");
                                ^~~~~~~~ ~~~~
../Drivers/Hardware/ESP01/ESP01.c(87): warning: illegal character encoding in string literal [-Winvalid-source-encoding]
                        printf("<B2><E9>ѯ<B5><B1>ǰ<C1><AC><BD>ӵ<C4>TCP<B7><FE><CE><F1><C6><F7>\n");
                                ^~~~~~~~ ~~~~~~~~ ~~~~~~~~~~~~ ~~~~   ~~~~~~~~~~~~~~~~~~~~~~~~
../Drivers/Hardware/ESP01/ESP01.c(90): warning: illegal character encoding in string literal [-Winvalid-source-encoding]
                        printf("<C1><AC><BD><D3>Զ<B3><CC>TCP<B7><FE><CE><F1><C6><F7>...\n");
                                ^~~~~~~~~~~~~~~~ ~~~~~~~~   ~~~~~~~~~~~~~~~~~~~~~~~~
../Drivers/Hardware/ESP01/ESP01.c(93): warning: illegal character encoding in string literal [-Winvalid-source-encoding]
                        printf("<BF><AA><C6><F4><U+0378><B4><AB>ģʽ\n");
                                ^~~~~~~~~~~~~~~~        ~~~~~~~~
../Drivers/Hardware/ESP01/ESP01.c(95): warning: illegal character encoding in string literal [-Winvalid-source-encoding]
                        printf("<BF><AA>ʼ<U+0378><B4><AB>\n");
                                ^~~~~~~~         ~~~~~~~~
13 warnings generated.
compiling ESP01.c...
compiling STM32_I2C.c...
compiling UI.c...
compiling inv_mpu_dmp_motion_driver.c...
compiling inv_mpu.c...
linking...
Program Size: Code=70166 RO-data=304570 RW-data=240 ZI-data=38744  
FromELF: creating hex file...
"Fire_Theft_Monitor\Fire_Theft_Monitor.axf" - 0 Error(s), 13 Warning(s).
Build Time Elapsed:  00:00:07
